20240706	19:44:25	428e618e-2089-4feb-b272-ffc4aa224d21	GET	/users	undefined
20240706	19:45:06	61c6f41a-88d3-4e27-b753-e641ea4ae233	POST	/users	undefined
20240706	19:45:24	397127bb-c34f-4a3e-b7bd-fce668e6b143	POST	/users	undefined
20240706	19:46:13	ced04735-4c4a-486c-904f-c39569c7abc1	POST	/users	undefined
20240706	19:46:20	02c45b7b-5fac-4ea8-b1de-22fede29d76d	GET	/users	undefined
20240715	18:01:56	13916466-dbd2-4369-a052-a917313ead27	GET	/users	undefined
20240715	18:02:07	3921e796-6753-4945-8b82-3031867bf13f	GET	/users	undefined
20240715	18:02:27	598ff6c2-c4bd-4b86-819d-10c2e0395c28	POST	/users	undefined
20240715	18:02:31	bd2707a2-2837-4caa-b44b-f48a8a45f0cd	GET	/users	undefined
20240715	18:23:35	4f28cc5d-5ce8-4832-ad9b-8c07ee5fa39a	POST	/menu	undefined
20240715	18:24:11	9be146be-9e78-4901-9380-ffa72824a948	POST	/menus	undefined
20240715	18:25:41	6c3e2b8f-5a43-4402-8127-fb443649bf59	POST	/menus	undefined
20240715	18:26:47	274ac807-64b5-45ad-b108-6d444aaac185	POST	/menus	undefined
20240715	18:27:16	23ac62c3-2ebd-4c16-a3fd-244f96eed3a1	POST	/menus	undefined
20240715	18:27:21	e8ec3e8a-816a-45f7-a42f-391d0d9793ae	GET	/menus	undefined
20240715	18:27:38	ddfcca67-19a7-4134-8903-6192e4209955	GET	/users	undefined
20240715	18:29:17	d275d5a0-5ba7-4340-a9e6-1f4f6aae0525	GET	/users	undefined
20240715	18:29:23	e43853be-9685-4654-b7e1-671fe8e17155	GET	/menus	undefined
20240716	13:18:24	345949a8-fa7b-44bf-af70-14ed07288064	POST	/users	undefined
20240716	13:18:36	67eef3cb-aad2-452b-841d-a26f15728901	GET	/users	undefined
20240716	13:20:06	aa7ec722-7a6f-4b73-9013-d5ad32e6a2b8	POST	/menus	undefined
20240716	13:20:11	b0af9e91-7c45-43c5-8d52-fb5465e1adc3	GET	/menus	undefined
20240716	13:26:58	776f58a4-765a-404c-9e2f-513e81fa18a7	POST	/menus	undefined
20240716	13:27:07	21c66bf2-8b16-4a25-ae5c-a5e6f8da848e	GET	/menus	undefined
20240716	16:11:56	c9acfa35-fbfc-4a4a-a37d-ec0bb6063d8a	POST	/menus	undefined
20240716	16:12:01	75274887-8489-45af-93cb-36ae1b35a52e	POST	/menus	undefined
20240716	16:12:05	f911a89e-291a-4501-bf79-01b39cd1497c	GET	/menus	undefined
20240716	16:25:53	4da89650-eda2-4c14-8241-862982ce7c5a	DELETE	/menus	undefined
20240716	16:26:00	de18125c-6fd5-42bb-8a59-9e60dfafd082	DELETE	/menus	undefined
20240716	16:26:19	65fb2b1a-cb6b-4403-b504-525c923f8e4d	GET	/menus	undefined
20240716	16:28:30	7f608fc9-0494-458d-a8ec-bd8a2136c5d8	DELETE	/menus	undefined
20240716	16:29:26	9abdbdf2-e6f4-4a76-b9dd-9d6ec4bbc6f0	DELETE	/menus	undefined
20240716	16:29:38	281dbb91-5e01-434f-9bc6-aa6c2b018e1c	GET	/menus	undefined
20240716	16:31:46	86224899-0789-46ad-8f3b-e2c92664f793	DELETE	/menus	undefined
20240716	16:31:52	74d0ed68-ecd9-4a7d-ae66-5399ce513650	DELETE	/menus	undefined
20240716	16:33:10	2fed91eb-75d5-40af-80f2-1b395706266a	DELETE	/users	undefined
20240716	16:36:02	b5d25f8c-2eb3-44a9-8481-29462c591652	DELETE	/users	undefined
20240716	16:36:40	d353936a-34bb-4655-9ab3-4625fc940a9a	DELETE	/users	undefined
20240716	16:36:48	551400af-7d1f-4184-86c3-6fe5dcbfabff	GET	/users	undefined
20240716	16:37:01	e68ec89e-684c-4a57-b9ac-7e7639071fda	POST	/users	undefined
20240716	16:37:05	4c9f1d60-0b1d-45fe-a079-2196168ddb9f	GET	/users	undefined
20240716	16:37:14	a7c2352e-7ffa-4718-9152-38821e8e50a5	DELETE	/users	undefined
20240716	16:44:14	0998af55-12bd-4b5f-b8ad-19f6eb04a56d	POST	/users	undefined
20240716	16:44:21	e043f705-7461-47b1-b6dd-10a0409b1e0b	GET	/users	undefined
20240716	16:45:01	3abca564-ae2c-4aed-97fc-3f2507c6cbc2	PUT	/users	undefined
20240716	16:45:14	75e91770-cf89-431f-83a8-348f5900ff11	PATCH	/users	undefined
20240716	16:46:16	8028daf5-ac87-47f3-8e00-64643a24631e	PUT	/users	undefined
20240716	16:46:36	13437de1-2368-475f-9295-37a4a48c023f	PATCH	/users	undefined
20240716	16:47:12	faf7fc4c-1e12-4455-906f-0a832a66b71f	PUT	/users	undefined
20240716	16:48:34	ba61d3ea-c627-418c-a1ff-266262d79f6e	PATCH	/users	undefined
20240716	16:49:18	b32a2045-ce9e-445f-a688-eb6799fb919b	PATCH	/users	undefined
20240716	17:48:24	955dcb5a-a20d-420a-a220-c688f1f02b05	POST	/orders	undefined
20240716	17:48:31	b0cb3da7-37b4-4ec8-9a26-d630b190d4f6	GET	/orders	undefined
20240716	17:48:37	c6da248a-14d4-4a92-812a-724413a0d931	GET	/orders	undefined
20240716	17:49:12	09ce7a88-1ce2-4f8f-8991-24f5239988c4	GET	/orders	undefined
20240716	17:49:14	57cbc451-681e-4165-a226-c4a2427d3a94	GET	/orders	undefined
20240716	17:49:35	5fbac8f9-3085-440c-9d05-ef411e848ce0	GET	/orders	undefined
20240716	17:49:35	ebbe7d30-52de-4edc-90aa-69b6acfd342c	GET	/orders	undefined
20240716	17:49:47	ab1dc938-9ac6-4409-9620-d7d30b22ba73	GET	/orders	undefined
20240716	18:04:01	53964ad5-1db7-4e61-ae44-d2fd86331bb8	GET	/orders	undefined
20240716	18:05:04	dccf8433-f832-4333-841c-50f0828b1c14	PATCH	/orders	undefined
20240716	18:05:16	678f332a-6b1b-4a71-98ec-f3d6de6d36e3	PATCH	/orders	undefined
20240716	18:05:26	074f467c-3933-4507-95ae-f0285d1ac358	PATCH	/orders	undefined
20240716	18:05:41	fae90ce4-f668-46ce-b512-e6620900cdee	PATCH	/orders	undefined
20240716	18:06:14	e9c7b5b0-d2b8-44e5-82ca-401f5ba276bb	PATCH	/orders	undefined
20240716	18:06:53	9a706f03-d3e9-474c-910d-02399fdc9a4b	PATCH	/orders	undefined
20240716	18:10:45	ec2ae45c-c058-4c4d-9b77-e878a2ab7aa2	PATCH	/orders	undefined
20240716	18:11:18	682ce33b-97a6-42b7-af92-e7a9e03fcec1	DELETE	/orders	undefined
20240716	18:11:47	6d987ae9-b60e-4fac-9585-a9ebaea7d0f9	DELETE	/orders	undefined
20240716	18:12:07	d7670861-664d-4ac9-a1f6-d3e929d3c955	GET	/orders	undefined
20240716	18:12:17	9aaa6f49-d720-4d43-b306-14b82c01a2e9	GET	/menus	undefined
20240716	18:12:27	efc1930e-7719-4604-8df6-d3a016e6e900	DELETE	/menus	undefined
20240716	18:12:30	d5a8d884-8982-4aee-a9be-b66ed1ee32d7	GET	/menus	undefined
20240716	18:12:41	731d47ec-fcb9-4198-b4b8-cc88ce6d811e	DELETE	/menus	undefined
20240716	18:16:49	7fbe7d56-d8e8-4bc8-874e-3a9db08e5f47	GET	/menus	undefined
20240716	18:17:05	4b504177-d292-4992-9155-eba3daad05cc	POST	/menus	undefined
20240716	18:17:12	b1e8a9ea-febd-440f-b550-f4eab5af765a	GET	/menus	undefined
20240716	18:18:07	8ac29e8d-0322-46b5-86b3-dda735951586	POST	/menus	undefined
20240716	18:18:14	77dd8b28-2f18-47a7-aac8-6e6c2a5a354d	POST	/menus	undefined
20240716	18:18:21	a09c9573-53cc-4b9a-964a-99c714e77b88	GET	/menus	undefined
20240716	18:18:26	a7bf8634-75b6-498d-93ce-9a2b690a2435	GET	/menus	undefined
20240716	18:18:51	fb385509-7c2c-4e33-9a92-51b980981109	POST	/menus	undefined
20240716	18:18:55	eba1d658-dce4-4de7-9649-7779615e8478	GET	/menus	undefined
20240716	18:19:16	736d725a-52a6-461e-be55-940cb1673a52	POST	/menus	undefined
20240716	18:19:21	8054a271-ce79-4d93-a36f-3426bc1f2daa	GET	/menus	undefined
20240716	18:19:42	b84e4bab-602d-4a8a-9739-6fcab4b0819d	DELETE	/menus	undefined
20240716	18:19:53	a8d89d85-a519-4df6-ba07-2f932c081615	DELETE	/menus	undefined
20240716	18:19:55	f2de2c26-e1d7-43d5-9251-3e1596818c37	GET	/menus	undefined
20240716	18:20:06	d6b57f19-9d60-4b9f-b224-c7d8d49f9519	DELETE	/menus	undefined
20240716	18:20:09	fdce1797-f173-4c43-a484-a9d75995dd50	GET	/menus	undefined
20240716	18:21:19	db5edefc-8fb2-43a4-bf64-ef52d4a5809a	POST	/menus	undefined
20240716	18:21:22	5e69ca26-d90d-49ba-8c5d-d75403090f16	GET	/menus	undefined
20240716	18:22:25	6ec668d3-5279-4794-88e5-cd31ac539e6f	PATCH	/menus	undefined
20240716	18:22:32	1b8da314-4d87-44ce-9123-c79de9b24f5e	PATCH	/menus	undefined
20240716	18:22:42	2f08b2ab-2a91-46f2-8a56-d8a1114819e5	GET	/menus	undefined
20240716	18:24:09	d8d8a58f-baae-4ed8-975f-6206b74bfa0e	PATCH	/menus	undefined
20240716	18:25:07	9b252c2a-0143-478a-afce-0fafa0d2a838	GET	/menus	undefined
20240716	18:25:17	2981d2e8-29ee-4710-8d7d-22b6f345d0d2	DELETE	/menus	undefined
20240716	18:25:19	fa72dafa-7685-431a-a403-23dea28c8b7e	GET	/menus	undefined
20240716	18:25:22	1001df81-1712-46ae-a4f4-bc5e64ce114d	GET	/orders	undefined
20240716	18:25:58	b47f4ef1-e740-43f1-973b-2a755cd2d572	POST	/orders	undefined
20240716	18:26:06	7e84cabf-dd7d-46df-8edc-024d42c1fd78	GET	/orders	undefined
20240716	18:27:18	30e89e47-5c74-4891-81a4-da6b5cc56294	POST	/orders	undefined
20240716	18:27:21	622173b2-a269-459e-b674-2aa87b71e809	GET	/orders	undefined
20240716	18:28:24	6fa1f4f9-6656-47fe-88f8-21ab6d04e16d	PATCH	/orders	undefined
20240716	18:28:35	7c3c83bf-a771-4d24-b1ba-dacd77b4c3f6	DELETE	/orders	undefined
20240716	18:28:39	53d82846-b576-40fa-b867-8f2e76701851	GET	/orders	undefined
20240716	18:29:02	59375443-fe1d-45da-94e7-08567437d176	POST	/orders	undefined
20240716	18:29:05	be0a8377-8a04-40b1-8bb1-e624c26df3e5	GET	/orders	undefined
20240716	18:29:37	d4772c5a-ee49-449a-950a-18a47fd9bfed	GET	/users	undefined
20240716	18:29:49	abdf419e-b7d6-488c-b565-b7ec68110a74	POST	/users	undefined
20240716	18:29:56	536ddfa8-03be-44c8-b306-3080dac165d8	GET	/users	undefined
20240716	18:30:09	a778c209-6e0a-41d8-9277-a5aba00288d6	PATCH	/users	undefined
20240716	18:30:22	695f8c56-faa2-48e0-9a6c-d7cec927d72e	DELETE	/users	undefined
20240716	18:30:25	8c9ee5dd-d97f-41f3-b42d-56112c88406b	GET	/users	undefined
